# JRE version: Java(TM) SE Runtime Environment (7.0_80-b15) (build 1.7.0_80-b15)
# Java VM: Java HotSpot(TM) 64-Bit Server VM (24.80-b11 mixed mode bsd-amd64 compressed oops)
Heap
 PSYoungGen      total 3584K, used 1939K [0x00000007d5500000, 0x00000007d5c00000, 0x0000000800000000)
  eden space 3072K, 47% used [0x00000007d5500000,0x00000007d566cd58,0x00000007d5800000)
  from space 512K, 93% used [0x00000007d5880000,0x00000007d58f8020,0x00000007d5900000)
  to   space 512K, 0% used [0x00000007d5800000,0x00000007d5800000,0x00000007d5880000)
 ParOldGen       total 5632K, used 1446K [0x0000000780000000, 0x0000000780580000, 0x00000007d5500000)
  object space 5632K, 25% used [0x0000000780000000,0x0000000780169870,0x0000000780580000)
 PSPermGen       total 21504K, used 5904K [0x000000077ae00000, 0x000000077c300000, 0x0000000780000000)
  object space 21504K, 27% used [0x000000077ae00000,0x000000077b3c4280,0x000000077c300000)
GC Heap History (4 events):
Event: 0.531 GC heap before
{Heap before GC invocations=1 (full 0):
 PSYoungGen      total 3584K, used 3072K [0x00000007d5500000, 0x00000007d5900000, 0x0000000800000000)
  eden space 3072K, 100% used [0x00000007d5500000,0x00000007d5800000,0x00000007d5800000)
  from space 512K, 0% used [0x00000007d5880000,0x00000007d5880000,0x00000007d5900000)
  to   space 512K, 0% used [0x00000007d5800000,0x00000007d5800000,0x00000007d5880000)
 ParOldGen       total 5632K, used 0K [0x0000000780000000, 0x0000000780580000, 0x00000007d5500000)
  object space 5632K, 0% used [0x0000000780000000,0x0000000780000000,0x0000000780580000)
 PSPermGen       total 21504K, used 4696K [0x000000077ae00000, 0x000000077c300000, 0x0000000780000000)
  object space 21504K, 21% used [0x000000077ae00000,0x000000077b2960a0,0x000000077c300000)
Event: 0.536 GC heap after
Heap after GC invocations=1 (full 0):
 PSYoungGen      total 3584K, used 487K [0x00000007d5500000, 0x00000007d5900000, 0x0000000800000000)
  eden space 3072K, 0% used [0x00000007d5500000,0x00000007d5500000,0x00000007d5800000)
  from space 512K, 95% used [0x00000007d5800000,0x00000007d5879f70,0x00000007d5880000)
  to   space 512K, 0% used [0x00000007d5880000,0x00000007d5880000,0x00000007d5900000)
 ParOldGen       total 5632K, used 756K [0x0000000780000000, 0x0000000780580000, 0x00000007d5500000)
  object space 5632K, 13% used [0x0000000780000000,0x00000007800bd2f8,0x0000000780580000)
 PSPermGen       total 21504K, used 4696K [0x000000077ae00000, 0x000000077c300000, 0x0000000780000000)
  object space 21504K, 21% used [0x000000077ae00000,0x000000077b2960a0,0x000000077c300000)
}
Event: 0.743 GC heap before
{Heap before GC invocations=2 (full 0):
 PSYoungGen      total 3584K, used 3559K [0x00000007d5500000, 0x00000007d5900000, 0x0000000800000000)
  eden space 3072K, 100% used [0x00000007d5500000,0x00000007d5800000,0x00000007d5800000)
  from space 512K, 95% used [0x00000007d5800000,0x00000007d5879f70,0x00000007d5880000)
  to   space 512K, 0% used [0x00000007d5880000,0x00000007d5880000,0x00000007d5900000)
 ParOldGen       total 5632K, used 756K [0x0000000780000000, 0x0000000780580000, 0x00000007d5500000)
  object space 5632K, 13% used [0x0000000780000000,0x00000007800bd2f8,0x0000000780580000)
 PSPermGen       total 21504K, used 5239K [0x000000077ae00000, 0x000000077c300000, 0x0000000780000000)
  object space 21504K, 24% used [0x000000077ae00000,0x000000077b31dc80,0x000000077c300000)
Event: 0.745 GC heap after
Heap after GC invocations=2 (full 0):
 PSYoungGen      total 3584K, used 480K [0x00000007d5500000, 0x00000007d5c00000, 0x0000000800000000)
  eden space 3072K, 0% used [0x00000007d5500000,0x00000007d5500000,0x00000007d5800000)
  from space 512K, 93% used [0x00000007d5880000,0x00000007d58f8020,0x00000007d5900000)
  to   space 512K, 0% used [0x00000007d5800000,0x00000007d5800000,0x00000007d5880000)
 ParOldGen       total 5632K, used 1446K [0x0000000780000000, 0x0000000780580000, 0x00000007d5500000)
  object space 5632K, 25% used [0x0000000780000000,0x0000000780169870,0x0000000780580000)
 PSPermGen       total 21504K, used 5239K [0x000000077ae00000, 0x000000077c300000, 0x0000000780000000)
  object space 21504K, 24% used [0x000000077ae00000,0x000000077b31dc80,0x000000077c300000)
}

