# JRE version: Java(TM) SE Runtime Environment (7.0_80-b15) (build 1.7.0_80-b15)
# Java VM: Java HotSpot(TM) 64-Bit Server VM (24.80-b11 mixed mode bsd-amd64 compressed oops)
Heap
 PSYoungGen      total 3584K, used 2646K [0x00000007d5500000, 0x00000007d5e00000, 0x0000000800000000)
  eden space 3072K, 70% used [0x00000007d5500000,0x00000007d57199a0,0x00000007d5800000)
  from space 512K, 96% used [0x00000007d5800000,0x00000007d587c010,0x00000007d5880000)
  to   space 1536K, 0% used [0x00000007d5c80000,0x00000007d5c80000,0x00000007d5e00000)
 ParOldGen       total 5632K, used 2073K [0x0000000780000000, 0x0000000780580000, 0x00000007d5500000)
  object space 5632K, 36% used [0x0000000780000000,0x00000007802066d0,0x0000000780580000)
 PSPermGen       total 21504K, used 5910K [0x000000077ae00000, 0x000000077c300000, 0x0000000780000000)
  object space 21504K, 27% used [0x000000077ae00000,0x000000077b3c59c0,0x000000077c300000)
GC Heap History (10 events):
Event: 0.970 GC heap before
{Heap before GC invocations=1 (full 0):
 PSYoungGen      total 3584K, used 3072K [0x00000007d5500000, 0x00000007d5900000, 0x0000000800000000)
  eden space 3072K, 100% used [0x00000007d5500000,0x00000007d5800000,0x00000007d5800000)
  from space 512K, 0% used [0x00000007d5880000,0x00000007d5880000,0x00000007d5900000)
  to   space 512K, 0% used [0x00000007d5800000,0x00000007d5800000,0x00000007d5880000)
 ParOldGen       total 5632K, used 0K [0x0000000780000000, 0x0000000780580000, 0x00000007d5500000)
  object space 5632K, 0% used [0x0000000780000000,0x0000000780000000,0x0000000780580000)
 PSPermGen       total 21504K, used 4744K [0x000000077ae00000, 0x000000077c300000, 0x0000000780000000)
  object space 21504K, 22% used [0x000000077ae00000,0x000000077b2a2288,0x000000077c300000)
Event: 0.974 GC heap after
Heap after GC invocations=1 (full 0):
 PSYoungGen      total 3584K, used 487K [0x00000007d5500000, 0x00000007d5900000, 0x0000000800000000)
  eden space 3072K, 0% used [0x00000007d5500000,0x00000007d5500000,0x00000007d5800000)
  from space 512K, 95% used [0x00000007d5800000,0x00000007d5879f70,0x00000007d5880000)
  to   space 512K, 0% used [0x00000007d5880000,0x00000007d5880000,0x00000007d5900000)
 ParOldGen       total 5632K, used 716K [0x0000000780000000, 0x0000000780580000, 0x00000007d5500000)
  object space 5632K, 12% used [0x0000000780000000,0x00000007800b3220,0x0000000780580000)
 PSPermGen       total 21504K, used 4744K [0x000000077ae00000, 0x000000077c300000, 0x0000000780000000)
  object space 21504K, 22% used [0x000000077ae00000,0x000000077b2a2288,0x000000077c300000)
}
Event: 1.611 GC heap before
{Heap before GC invocations=2 (full 0):
 PSYoungGen      total 3584K, used 3559K [0x00000007d5500000, 0x00000007d5900000, 0x0000000800000000)
  eden space 3072K, 100% used [0x00000007d5500000,0x00000007d5800000,0x00000007d5800000)
  from space 512K, 95% used [0x00000007d5800000,0x00000007d5879f70,0x00000007d5880000)
  to   space 512K, 0% used [0x00000007d5880000,0x00000007d5880000,0x00000007d5900000)
 ParOldGen       total 5632K, used 716K [0x0000000780000000, 0x0000000780580000, 0x00000007d5500000)
  object space 5632K, 12% used [0x0000000780000000,0x00000007800b3220,0x0000000780580000)
 PSPermGen       total 21504K, used 5239K [0x000000077ae00000, 0x000000077c300000, 0x0000000780000000)
  object space 21504K, 24% used [0x000000077ae00000,0x000000077b31dc80,0x000000077c300000)
Event: 1.613 GC heap after
Heap after GC invocations=2 (full 0):
 PSYoungGen      total 3584K, used 496K [0x00000007d5500000, 0x00000007d5900000, 0x0000000800000000)
  eden space 3072K, 0% used [0x00000007d5500000,0x00000007d5500000,0x00000007d5800000)
  from space 512K, 96% used [0x00000007d5880000,0x00000007d58fc010,0x00000007d5900000)
  to   space 512K, 0% used [0x00000007d5800000,0x00000007d5800000,0x00000007d5880000)
 ParOldGen       total 5632K, used 1441K [0x0000000780000000, 0x0000000780580000, 0x00000007d5500000)
  object space 5632K, 25% used [0x0000000780000000,0x0000000780168660,0x0000000780580000)
 PSPermGen       total 21504K, used 5239K [0x000000077ae00000, 0x000000077c300000, 0x0000000780000000)
  object space 21504K, 24% used [0x000000077ae00000,0x000000077b31dc80,0x000000077c300000)
}
Event: 1.874 GC heap before
{Heap before GC invocations=3 (full 0):
 PSYoungGen      total 3584K, used 3568K [0x00000007d5500000, 0x00000007d5900000, 0x0000000800000000)
  eden space 3072K, 100% used [0x00000007d5500000,0x00000007d5800000,0x00000007d5800000)
  from space 512K, 96% used [0x00000007d5880000,0x00000007d58fc010,0x00000007d5900000)
  to   space 512K, 0% used [0x00000007d5800000,0x00000007d5800000,0x00000007d5880000)
 ParOldGen       total 5632K, used 1441K [0x0000000780000000, 0x0000000780580000, 0x00000007d5500000)
  object space 5632K, 25% used [0x0000000780000000,0x0000000780168660,0x0000000780580000)
 PSPermGen       total 21504K, used 5904K [0x000000077ae00000, 0x000000077c300000, 0x0000000780000000)
  object space 21504K, 27% used [0x000000077ae00000,0x000000077b3c4280,0x000000077c300000)
Event: 1.877 GC heap after
Heap after GC invocations=3 (full 0):
 PSYoungGen      total 3584K, used 496K [0x00000007d5500000, 0x00000007d5900000, 0x0000000800000000)
  eden space 3072K, 0% used [0x00000007d5500000,0x00000007d5500000,0x00000007d5800000)
  from space 512K, 96% used [0x00000007d5800000,0x00000007d587c010,0x00000007d5880000)
  to   space 512K, 0% used [0x00000007d5880000,0x00000007d5880000,0x00000007d5900000)
 ParOldGen       total 5632K, used 1809K [0x0000000780000000, 0x0000000780580000, 0x00000007d5500000)
  object space 5632K, 32% used [0x0000000780000000,0x00000007801c46b0,0x0000000780580000)
 PSPermGen       total 21504K, used 5904K [0x000000077ae00000, 0x000000077c300000, 0x0000000780000000)
  object space 21504K, 27% used [0x000000077ae00000,0x000000077b3c4280,0x000000077c300000)
}
Event: 1.986 GC heap before
{Heap before GC invocations=4 (full 0):
 PSYoungGen      total 3584K, used 3562K [0x00000007d5500000, 0x00000007d5900000, 0x0000000800000000)
  eden space 3072K, 99% used [0x00000007d5500000,0x00000007d57fe848,0x00000007d5800000)
  from space 512K, 96% used [0x00000007d5800000,0x00000007d587c010,0x00000007d5880000)
  to   space 512K, 0% used [0x00000007d5880000,0x00000007d5880000,0x00000007d5900000)
 ParOldGen       total 5632K, used 1809K [0x0000000780000000, 0x0000000780580000, 0x00000007d5500000)
  object space 5632K, 32% used [0x0000000780000000,0x00000007801c46b0,0x0000000780580000)
 PSPermGen       total 21504K, used 5906K [0x000000077ae00000, 0x000000077c300000, 0x0000000780000000)
  object space 21504K, 27% used [0x000000077ae00000,0x000000077b3c4850,0x000000077c300000)
Event: 1.999 GC heap after
Heap after GC invocations=4 (full 0):
 PSYoungGen      total 3584K, used 496K [0x00000007d5500000, 0x00000007d5c00000, 0x0000000800000000)
  eden space 3072K, 0% used [0x00000007d5500000,0x00000007d5500000,0x00000007d5800000)
  from space 512K, 96% used [0x00000007d5880000,0x00000007d58fc030,0x00000007d5900000)
  to   space 512K, 0% used [0x00000007d5800000,0x00000007d5800000,0x00000007d5880000)
 ParOldGen       total 5632K, used 1937K [0x0000000780000000, 0x0000000780580000, 0x00000007d5500000)
  object space 5632K, 34% used [0x0000000780000000,0x00000007801e46b0,0x0000000780580000)
 PSPermGen       total 21504K, used 5906K [0x000000077ae00000, 0x000000077c300000, 0x0000000780000000)
  object space 21504K, 27% used [0x000000077ae00000,0x000000077b3c4850,0x000000077c300000)
}
Event: 2.072 GC heap before
{Heap before GC invocations=5 (full 0):
 PSYoungGen      total 3584K, used 3566K [0x00000007d5500000, 0x00000007d5c00000, 0x0000000800000000)
  eden space 3072K, 99% used [0x00000007d5500000,0x00000007d57ff928,0x00000007d5800000)
  from space 512K, 96% used [0x00000007d5880000,0x00000007d58fc030,0x00000007d5900000)
  to   space 512K, 0% used [0x00000007d5800000,0x00000007d5800000,0x00000007d5880000)
 ParOldGen       total 5632K, used 1937K [0x0000000780000000, 0x0000000780580000, 0x00000007d5500000)
  object space 5632K, 34% used [0x0000000780000000,0x00000007801e46b0,0x0000000780580000)
 PSPermGen       total 21504K, used 5909K [0x000000077ae00000, 0x000000077c300000, 0x0000000780000000)
  object space 21504K, 27% used [0x000000077ae00000,0x000000077b3c54d0,0x000000077c300000)
Event: 2.084 GC heap after
Heap after GC invocations=5 (full 0):
 PSYoungGen      total 3584K, used 496K [0x00000007d5500000, 0x00000007d5e00000, 0x0000000800000000)
  eden space 3072K, 0% used [0x00000007d5500000,0x00000007d5500000,0x00000007d5800000)
  from space 512K, 96% used [0x00000007d5800000,0x00000007d587c010,0x00000007d5880000)
  to   space 1536K, 0% used [0x00000007d5c80000,0x00000007d5c80000,0x00000007d5e00000)
 ParOldGen       total 5632K, used 2073K [0x0000000780000000, 0x0000000780580000, 0x00000007d5500000)
  object space 5632K, 36% used [0x0000000780000000,0x00000007802066d0,0x0000000780580000)
 PSPermGen       total 21504K, used 5909K [0x000000077ae00000, 0x000000077c300000, 0x0000000780000000)
  object space 21504K, 27% used [0x000000077ae00000,0x000000077b3c54d0,0x000000077c300000)
}

